  [1m[35m (0.2ms)[0m  [1m[35mDROP DATABASE IF EXISTS "wdi_radio_lab_development"[0m
  [1m[35m (0.3ms)[0m  [1m[35mDROP DATABASE IF EXISTS "wdi_radio_lab_test"[0m
  [1m[35m (7.2ms)[0m  [1m[35mCREATE TABLE "schema_migrations" ("version" character varying NOT NULL PRIMARY KEY)[0m
  [1m[35m (4.7ms)[0m  [1m[35mCREATE TABLE "ar_internal_metadata" ("key" character varying NOT NULL PRIMARY KEY, "value" character varying, "created_at" timestamp NOT NULL, "updated_at" timestamp NOT NULL)[0m
  [1m[35m (0.4ms)[0m  [1m[34mSELECT pg_try_advisory_lock(5093937594674555655);[0m
  [1m[35m (1.2ms)[0m  [1m[34mSELECT "schema_migrations"."version" FROM "schema_migrations" ORDER BY "schema_migrations"."version" ASC[0m
Migrating to CreateSongs (20170622155954)
  [1m[35m (0.2ms)[0m  [1m[35mBEGIN[0m
  [1m[35m (6.6ms)[0m  [1m[35mCREATE TABLE "songs" ("id" bigserial primary key, "title" character varying, "artist" character varying, "genre" character varying, "photo_url" character varying, "created_at" timestamp NOT NULL, "updated_at" timestamp NOT NULL)[0m
  [1m[35mSQL (0.8ms)[0m  [1m[32mINSERT INTO "schema_migrations" ("version") VALUES ($1) RETURNING "version"[0m  [["version", "20170622155954"]]
  [1m[35m (0.6ms)[0m  [1m[35mCOMMIT[0m
  [1m[36mActiveRecord::InternalMetadata Load (0.6ms)[0m  [1m[34mSELECT  "ar_internal_metadata".* FROM "ar_internal_metadata" WHERE "ar_internal_metadata"."key" = $1 LIMIT $2[0m  [["key", "environment"], ["LIMIT", 1]]
  [1m[35m (0.2ms)[0m  [1m[35mBEGIN[0m
  [1m[35mSQL (0.7ms)[0m  [1m[32mINSERT INTO "ar_internal_metadata" ("key", "value", "created_at", "updated_at") VALUES ($1, $2, $3, $4) RETURNING "key"[0m  [["key", "environment"], ["value", "development"], ["created_at", "2017-06-22 16:01:17.431108"], ["updated_at", "2017-06-22 16:01:17.431108"]]
  [1m[35m (0.5ms)[0m  [1m[35mCOMMIT[0m
  [1m[35m (0.4ms)[0m  [1m[34mSELECT pg_advisory_unlock(5093937594674555655)[0m
  [1m[35m (0.5ms)[0m  [1m[34mSELECT "schema_migrations"."version" FROM "schema_migrations" ORDER BY "schema_migrations"."version" ASC[0m
  [1m[35m (0.9ms)[0m  [1m[34mSELECT "schema_migrations"."version" FROM "schema_migrations" ORDER BY "schema_migrations"."version" ASC[0m
  [1m[36mSong Load (0.6ms)[0m  [1m[34mSELECT "songs".* FROM "songs"[0m
  [1m[35m (0.2ms)[0m  [1m[35mBEGIN[0m
  [1m[35mSQL (0.6ms)[0m  [1m[32mINSERT INTO "songs" ("title", "artist", "genre", "photo_url", "created_at", "updated_at") VALUES ($1, $2, $3, $4, $5, $6) RETURNING "id"[0m  [["title", "Heaven"], ["artist", "Ailee"], ["genre", "R&B"], ["photo_url", "https://colorcodedlyrics.com/wp-content/uploads/2012/06/ailee-heaven.jpg"], ["created_at", "2017-06-22 16:01:25.069756"], ["updated_at", "2017-06-22 16:01:25.069756"]]
  [1m[35m (5.4ms)[0m  [1m[35mCOMMIT[0m
  [1m[35m (0.2ms)[0m  [1m[35mBEGIN[0m
  [1m[35mSQL (0.7ms)[0m  [1m[32mINSERT INTO "songs" ("title", "artist", "genre", "photo_url", "created_at", "updated_at") VALUES ($1, $2, $3, $4, $5, $6) RETURNING "id"[0m  [["title", "Are We There Yet?"], ["artist", "dumbfounded"], ["genre", "Rap"], ["photo_url", "http://thefader-res.cloudinary.com/images/w_760,c_limit,f_auto,q_auto:best/3_lrk2lc/dumbfoundead-rapper-asian-american-representation.jpg"], ["created_at", "2017-06-22 16:01:25.078134"], ["updated_at", "2017-06-22 16:01:25.078134"]]
  [1m[35m (0.4ms)[0m  [1m[35mCOMMIT[0m
  [1m[35m (0.1ms)[0m  [1m[35mBEGIN[0m
  [1m[35mSQL (0.3ms)[0m  [1m[32mINSERT INTO "songs" ("title", "artist", "genre", "photo_url", "created_at", "updated_at") VALUES ($1, $2, $3, $4, $5, $6) RETURNING "id"[0m  [["title", "Heaven Or Hell Remix"], ["artist", "Heartbreaka"], ["genre", "Rap"], ["photo_url", "https://res.cloudinary.com/dostuff-media/image/upload//c_fill,g_faces,h_630,w_1200/v1475004199/event-6474827.jpg"], ["created_at", "2017-06-22 16:01:25.081570"], ["updated_at", "2017-06-22 16:01:25.081570"]]
  [1m[35m (0.4ms)[0m  [1m[35mCOMMIT[0m
  [1m[35m (0.2ms)[0m  [1m[35mBEGIN[0m
  [1m[35mSQL (0.4ms)[0m  [1m[32mINSERT INTO "songs" ("title", "artist", "genre", "photo_url", "created_at", "updated_at") VALUES ($1, $2, $3, $4, $5, $6) RETURNING "id"[0m  [["title", "Here For The Night"], ["artist", "J.Reyez"], ["genre", "Rap/R&B"], ["photo_url", "https://i.ytimg.com/vi/XxSMyN3gtTQ/maxresdefault.jpg"], ["created_at", "2017-06-22 16:01:25.089487"], ["updated_at", "2017-06-22 16:01:25.089487"]]
  [1m[35m (0.4ms)[0m  [1m[35mCOMMIT[0m
  [1m[35m (0.1ms)[0m  [1m[35mBEGIN[0m
  [1m[35mSQL (0.3ms)[0m  [1m[32mINSERT INTO "songs" ("title", "artist", "genre", "photo_url", "created_at", "updated_at") VALUES ($1, $2, $3, $4, $5, $6) RETURNING "id"[0m  [["title", "Parked Outside"], ["artist", "Jackie Chain"], ["genre", "Rap"], ["photo_url", "https://images.vice.com/noisey/content-images/article/jackie-chains-blaze-of-glory-once-again/jackie-thumb.jpg?crop=0.9304964539007092xw:1xh;center,center&resize=1050:*"], ["created_at", "2017-06-22 16:01:25.091377"], ["updated_at", "2017-06-22 16:01:25.091377"]]
  [1m[35m (0.3ms)[0m  [1m[35mCOMMIT[0m
  [1m[35m (0.1ms)[0m  [1m[35mBEGIN[0m
  [1m[35mSQL (0.3ms)[0m  [1m[32mINSERT INTO "songs" ("title", "artist", "genre", "photo_url", "created_at", "updated_at") VALUES ($1, $2, $3, $4, $5, $6) RETURNING "id"[0m  [["title", "Low Key"], ["artist", "Pryde"], ["genre", "Rap/Hip-Hop"], ["photo_url", "https://i.ytimg.com/vi/9pBt0NJF8V4/maxresdefault.jpg"], ["created_at", "2017-06-22 16:01:25.093268"], ["updated_at", "2017-06-22 16:01:25.093268"]]
  [1m[35m (0.3ms)[0m  [1m[35mCOMMIT[0m
Started GET "/" for 127.0.0.1 at 2017-06-22 13:36:06 -0400
  [1m[35m (0.8ms)[0m  [1m[34mSELECT "schema_migrations"."version" FROM "schema_migrations" ORDER BY "schema_migrations"."version" ASC[0m
Processing by Rails::WelcomeController#index as HTML
  Rendering /Users/haven/.rvm/gems/ruby-2.4.0@global/gems/railties-5.1.1/lib/rails/templates/rails/welcome/index.html.erb
  Rendered /Users/haven/.rvm/gems/ruby-2.4.0@global/gems/railties-5.1.1/lib/rails/templates/rails/welcome/index.html.erb (2.9ms)
Completed 200 OK in 20ms (Views: 9.2ms | ActiveRecord: 0.0ms)


Started GET "/" for 127.0.0.1 at 2017-06-22 13:44:28 -0400
  [1m[35m (0.8ms)[0m  [1m[34mSELECT "schema_migrations"."version" FROM "schema_migrations" ORDER BY "schema_migrations"."version" ASC[0m
Processing by SongController#index as HTML
  Rendering song/index.html.erb within layouts/application
  Rendered song/index.html.erb within layouts/application (10.9ms)
Completed 500 Internal Server Error in 32ms (ActiveRecord: 0.0ms)


  
ActionView::Template::Error (undefined method `each' for nil:NilClass):
    3: 		<h2>This is the list of songs today!</h2>
    4: </div>
    5: 
    6: <% @songs.each do |song| %>
    7: 	<h4><%= song.title %></h4>
    8: <div><% end %></div>
  
app/views/song/index.html.erb:6:in `_app_views_song_index_html_erb___4255343486156675032_70328255455620'
app/controllers/song_controller.rb:7:in `block (2 levels) in index'
app/controllers/song_controller.rb:6:in `index'
Started GET "/" for 127.0.0.1 at 2017-06-22 14:06:01 -0400
Processing by SongController#index as HTML
  Rendering song/index.html.erb within layouts/application
  [1m[36mSong Load (0.8ms)[0m  [1m[34mSELECT "songs".* FROM "songs"[0m
  Rendered song/index.html.erb within layouts/application (15.7ms)
Completed 200 OK in 615ms (Views: 606.5ms | ActiveRecord: 7.3ms)


Started GET "/" for 127.0.0.1 at 2017-06-22 14:07:10 -0400
Processing by SongController#index as HTML
  Rendering song/index.html.erb within layouts/application
  [1m[36mSong Load (0.8ms)[0m  [1m[34mSELECT "songs".* FROM "songs"[0m
  Rendered song/index.html.erb within layouts/application (3.5ms)
Completed 200 OK in 27ms (Views: 25.4ms | ActiveRecord: 0.8ms)


Started GET "/" for 127.0.0.1 at 2017-06-22 14:07:29 -0400
Processing by SongController#index as HTML
  Rendering song/index.html.erb within layouts/application
  Rendered song/index.html.erb within layouts/application (0.6ms)
Completed 500 Internal Server Error in 6ms (ActiveRecord: 0.0ms)


  
SyntaxError (/Users/haven/Desktop/wdi/JS/Angular/labs/wdi_radio_lab/wdi_radio_lab/app/views/song/index.html.erb:7: syntax error, unexpected ')', expecting '='
nd=( song.title, song.artist );@output_buffer.safe_append='<
                              ^
/Users/haven/Desktop/wdi/JS/Angular/labs/wdi_radio_lab/wdi_radio_lab/app/views/song/index.html.erb:9: syntax error, unexpected keyword_end, expecting ')'
<div>'.freeze; end ;@output_buffer.safe_append='
                  ^
/Users/haven/Desktop/wdi/JS/Angular/labs/wdi_radio_lab/wdi_radio_lab/app/views/song/index.html.erb:11: syntax error, unexpected keyword_ensure, expecting ')'
          ensure
                ^
/Users/haven/Desktop/wdi/JS/Angular/labs/wdi_radio_lab/wdi_radio_lab/app/views/song/index.html.erb:13: syntax error, unexpected keyword_end, expecting ')'
          end
             ^):
  
app/views/song/index.html.erb:7: syntax error, unexpected ')', expecting '='
app/views/song/index.html.erb:9: syntax error, unexpected keyword_end, expecting ')'
app/views/song/index.html.erb:11: syntax error, unexpected keyword_ensure, expecting ')'
app/views/song/index.html.erb:13: syntax error, unexpected keyword_end, expecting ')'
app/controllers/song_controller.rb:7:in `block (2 levels) in index'
app/controllers/song_controller.rb:6:in `index'
Started GET "/" for 127.0.0.1 at 2017-06-22 14:07:35 -0400
Processing by SongController#index as HTML
  Rendering song/index.html.erb within layouts/application
  Rendered song/index.html.erb within layouts/application (0.6ms)
Completed 500 Internal Server Error in 6ms (ActiveRecord: 0.0ms)


  
SyntaxError (/Users/haven/Desktop/wdi/JS/Angular/labs/wdi_radio_lab/wdi_radio_lab/app/views/song/index.html.erb:7: syntax error, unexpected ')', expecting '='
nd=( song.title, song.artist );@output_buffer.safe_append='<
                              ^
/Users/haven/Desktop/wdi/JS/Angular/labs/wdi_radio_lab/wdi_radio_lab/app/views/song/index.html.erb:9: syntax error, unexpected keyword_end, expecting ')'
<div>'.freeze; end ;@output_buffer.safe_append='
                  ^
/Users/haven/Desktop/wdi/JS/Angular/labs/wdi_radio_lab/wdi_radio_lab/app/views/song/index.html.erb:11: syntax error, unexpected keyword_ensure, expecting ')'
          ensure
                ^
/Users/haven/Desktop/wdi/JS/Angular/labs/wdi_radio_lab/wdi_radio_lab/app/views/song/index.html.erb:13: syntax error, unexpected keyword_end, expecting ')'
          end
             ^):
  
app/views/song/index.html.erb:7: syntax error, unexpected ')', expecting '='
app/views/song/index.html.erb:9: syntax error, unexpected keyword_end, expecting ')'
app/views/song/index.html.erb:11: syntax error, unexpected keyword_ensure, expecting ')'
app/views/song/index.html.erb:13: syntax error, unexpected keyword_end, expecting ')'
app/controllers/song_controller.rb:7:in `block (2 levels) in index'
app/controllers/song_controller.rb:6:in `index'
Started GET "/" for 127.0.0.1 at 2017-06-22 14:07:41 -0400
Processing by SongController#index as HTML
  Rendering song/index.html.erb within layouts/application
  [1m[36mSong Load (0.3ms)[0m  [1m[34mSELECT "songs".* FROM "songs"[0m
  Rendered song/index.html.erb within layouts/application (2.2ms)
Completed 200 OK in 20ms (Views: 18.8ms | ActiveRecord: 0.3ms)


Started GET "/" for 127.0.0.1 at 2017-06-22 14:07:59 -0400
Processing by SongController#index as HTML
  Rendering song/index.html.erb within layouts/application
  [1m[36mSong Load (0.3ms)[0m  [1m[34mSELECT "songs".* FROM "songs"[0m
  Rendered song/index.html.erb within layouts/application (119.4ms)
Completed 500 Internal Server Error in 125ms (ActiveRecord: 0.3ms)


  
ActionView::Template::Error (undefined method `By' for #<#<Class:0x007fed23d53be0>:0x007fed2b830368>):
    5: 
    6: <% @song.each do |song| %>
    7: 	<h4><%= song.title %></h4>
    8: 		<h4><%= By song.artist %></h4>
    9: <div><% end %></div>
  
app/views/song/index.html.erb:8:in `block in _app_views_song_index_html_erb___4255343486156675032_70328306980760'
app/views/song/index.html.erb:6:in `_app_views_song_index_html_erb___4255343486156675032_70328306980760'
app/controllers/song_controller.rb:7:in `block (2 levels) in index'
app/controllers/song_controller.rb:6:in `index'
Started GET "/" for 127.0.0.1 at 2017-06-22 14:08:09 -0400
Processing by SongController#index as HTML
  Rendering song/index.html.erb within layouts/application
  Rendered song/index.html.erb within layouts/application (0.7ms)
Completed 500 Internal Server Error in 6ms (ActiveRecord: 0.0ms)


  
SyntaxError (/Users/haven/Desktop/wdi/JS/Angular/labs/wdi_radio_lab/wdi_radio_lab/app/views/song/index.html.erb:8: syntax error, unexpected tIDENTIFIER, expecting ')'
put_buffer.append=( "By:" song.artist );@output_buffer.safe_
                              ^):
  
app/views/song/index.html.erb:8: syntax error, unexpected tIDENTIFIER, expecting ')'
app/controllers/song_controller.rb:7:in `block (2 levels) in index'
app/controllers/song_controller.rb:6:in `index'
Started GET "/" for 127.0.0.1 at 2017-06-22 14:08:17 -0400
Processing by SongController#index as HTML
  Rendering song/index.html.erb within layouts/application
  [1m[36mSong Load (0.4ms)[0m  [1m[34mSELECT "songs".* FROM "songs"[0m
  Rendered song/index.html.erb within layouts/application (2.4ms)
Completed 200 OK in 32ms (Views: 30.5ms | ActiveRecord: 0.4ms)


Started GET "/" for 127.0.0.1 at 2017-06-22 14:08:31 -0400
Processing by SongController#index as HTML
  Rendering song/index.html.erb within layouts/application
  [1m[36mSong Load (0.4ms)[0m  [1m[34mSELECT "songs".* FROM "songs"[0m
  Rendered song/index.html.erb within layouts/application (2.2ms)
Completed 200 OK in 19ms (Views: 17.8ms | ActiveRecord: 0.4ms)


Started GET "/" for 127.0.0.1 at 2017-06-22 14:08:41 -0400
Processing by SongController#index as HTML
  Rendering song/index.html.erb within layouts/application
  [1m[36mSong Load (0.5ms)[0m  [1m[34mSELECT "songs".* FROM "songs"[0m
  Rendered song/index.html.erb within layouts/application (2.2ms)
Completed 200 OK in 28ms (Views: 26.8ms | ActiveRecord: 0.5ms)


Started GET "/" for 127.0.0.1 at 2017-06-22 14:08:46 -0400
Processing by SongController#index as HTML
  Rendering song/index.html.erb within layouts/application
  [1m[36mSong Load (0.4ms)[0m  [1m[34mSELECT "songs".* FROM "songs"[0m
  Rendered song/index.html.erb within layouts/application (2.3ms)
Completed 200 OK in 20ms (Views: 19.1ms | ActiveRecord: 0.4ms)


Started GET "/" for 127.0.0.1 at 2017-06-22 14:09:22 -0400
Processing by SongController#index as HTML
  Rendering song/index.html.erb within layouts/application
  [1m[36mSong Load (0.4ms)[0m  [1m[34mSELECT "songs".* FROM "songs"[0m
  Rendered song/index.html.erb within layouts/application (2.2ms)
Completed 200 OK in 19ms (Views: 18.2ms | ActiveRecord: 0.4ms)


Started GET "/" for 127.0.0.1 at 2017-06-22 14:09:52 -0400
Processing by SongController#index as HTML
  Rendering song/index.html.erb within layouts/application
  [1m[36mSong Load (0.5ms)[0m  [1m[34mSELECT "songs".* FROM "songs"[0m
  Rendered song/index.html.erb within layouts/application (2.3ms)
Completed 200 OK in 18ms (Views: 17.4ms | ActiveRecord: 0.5ms)


Started GET "/" for 127.0.0.1 at 2017-06-22 14:10:13 -0400
Processing by SongController#index as HTML
  Rendering song/index.html.erb within layouts/application
  [1m[36mSong Load (0.4ms)[0m  [1m[34mSELECT "songs".* FROM "songs"[0m
  Rendered song/index.html.erb within layouts/application (2.3ms)
Completed 200 OK in 19ms (Views: 18.2ms | ActiveRecord: 0.4ms)


Started GET "/" for 127.0.0.1 at 2017-06-22 14:12:09 -0400
Processing by SongController#index as HTML
  Rendering song/index.html.erb within layouts/application
  [1m[36mSong Load (0.3ms)[0m  [1m[34mSELECT "songs".* FROM "songs"[0m
  Rendered song/index.html.erb within layouts/application (8.3ms)
Completed 500 Internal Server Error in 13ms (ActiveRecord: 0.3ms)


  
ActionView::Template::Error (undefined method `photo_url' for #<Song::ActiveRecord_Relation:0x007fed2a301708>):
     7: 	<h4>"<%= song.title %>"</h4>
     8: 		<h4>By: <%= song.artist %></h4>
     9: 			<h4>Genre: <%= song.genre %></h4>
    10: 				<% @song.photo_url %>
    11: <div><% end %></div>
  
app/views/song/index.html.erb:10:in `block in _app_views_song_index_html_erb___4255343486156675032_70328295873560'
app/views/song/index.html.erb:6:in `_app_views_song_index_html_erb___4255343486156675032_70328295873560'
app/controllers/song_controller.rb:7:in `block (2 levels) in index'
app/controllers/song_controller.rb:6:in `index'
Started GET "/" for 127.0.0.1 at 2017-06-22 14:12:20 -0400
Processing by SongController#index as HTML
  Rendering song/index.html.erb within layouts/application
  [1m[36mSong Load (1.1ms)[0m  [1m[34mSELECT "songs".* FROM "songs"[0m
  Rendered song/index.html.erb within layouts/application (14.8ms)
Completed 500 Internal Server Error in 23ms (ActiveRecord: 1.1ms)


  
ActionView::Template::Error (undefined method `photo_url' for #<Song::ActiveRecord_Relation:0x007fed29679b48>):
     7: 	<h4>"<%= song.title %>"</h4>
     8: 		<h4>By: <%= song.artist %></h4>
     9: 			<h4>Genre: <%= song.genre %></h4>
    10: 				<%= @song.photo_url %>
    11: <div><% end %></div>
  
app/views/song/index.html.erb:10:in `block in _app_views_song_index_html_erb___4255343486156675032_70328289304040'
app/views/song/index.html.erb:6:in `_app_views_song_index_html_erb___4255343486156675032_70328289304040'
app/controllers/song_controller.rb:7:in `block (2 levels) in index'
app/controllers/song_controller.rb:6:in `index'
Started GET "/" for 127.0.0.1 at 2017-06-22 14:12:31 -0400
Processing by SongController#index as HTML
  Rendering song/index.html.erb within layouts/application
  [1m[36mSong Load (0.3ms)[0m  [1m[34mSELECT "songs".* FROM "songs"[0m
  Rendered song/index.html.erb within layouts/application (8.3ms)
Completed 500 Internal Server Error in 14ms (ActiveRecord: 0.3ms)


  
ActionView::Template::Error (undefined method `photo_url' for #<Song::ActiveRecord_Relation:0x007fed2927f498>):
     7: 	<h4>"<%= song.title %>"</h4>
     8: 		<h4>By: <%= song.artist %></h4>
     9: 			<h4>Genre: <%= song.genre %></h4>
    10: 				<a><%= @song.photo_url %></a>
    11: <div><% end %></div>
  
app/views/song/index.html.erb:10:in `block in _app_views_song_index_html_erb___4255343486156675032_70328287226600'
app/views/song/index.html.erb:6:in `_app_views_song_index_html_erb___4255343486156675032_70328287226600'
app/controllers/song_controller.rb:7:in `block (2 levels) in index'
app/controllers/song_controller.rb:6:in `index'
Started GET "/" for 127.0.0.1 at 2017-06-22 14:12:37 -0400
Processing by SongController#index as HTML
  Rendering song/index.html.erb within layouts/application
  [1m[36mSong Load (0.5ms)[0m  [1m[34mSELECT "songs".* FROM "songs"[0m
  Rendered song/index.html.erb within layouts/application (9.5ms)
Completed 500 Internal Server Error in 15ms (ActiveRecord: 0.5ms)


  
ActionView::Template::Error (undefined method `photo_url' for #<Song::ActiveRecord_Relation:0x007fed2b25cbd0>):
     7: 	<h4>"<%= song.title %>"</h4>
     8: 		<h4>By: <%= song.artist %></h4>
     9: 			<h4>Genre: <%= song.genre %></h4>
    10: 				<a><% @song.photo_url %></a>
    11: <div><% end %></div>
  
app/views/song/index.html.erb:10:in `block in _app_views_song_index_html_erb___4255343486156675032_70328303924620'
app/views/song/index.html.erb:6:in `_app_views_song_index_html_erb___4255343486156675032_70328303924620'
app/controllers/song_controller.rb:7:in `block (2 levels) in index'
app/controllers/song_controller.rb:6:in `index'
Started GET "/" for 127.0.0.1 at 2017-06-22 14:15:32 -0400
Processing by SongController#index as HTML
  Rendering song/index.html.erb within layouts/application
  [1m[36mSong Load (0.3ms)[0m  [1m[34mSELECT "songs".* FROM "songs"[0m
  Rendered song/index.html.erb within layouts/application (8.2ms)
Completed 500 Internal Server Error in 13ms (ActiveRecord: 0.3ms)


  
ActionView::Template::Error (undefined method `photo_url' for #<Song::ActiveRecord_Relation:0x007fed291e4ad8>):
     7: 	<h4>"<%= song.title %>"</h4>
     8: 		<h4>By: <%= song.artist %></h4>
     9: 			<h4>Genre: <%= song.genre %></h4>
    10: 				<a><%= @song.photo_url %></a>
    11: 				      <a href="<%= song.photo_url %>">
    12: 
    13: <div><% end %></div>
  
app/views/song/index.html.erb:10:in `block in _app_views_song_index_html_erb___4255343486156675032_70328256730480'
app/views/song/index.html.erb:6:in `_app_views_song_index_html_erb___4255343486156675032_70328256730480'
app/controllers/song_controller.rb:7:in `block (2 levels) in index'
app/controllers/song_controller.rb:6:in `index'
Started GET "/" for 127.0.0.1 at 2017-06-22 14:15:41 -0400
Processing by SongController#index as HTML
  Rendering song/index.html.erb within layouts/application
  [1m[36mSong Load (0.3ms)[0m  [1m[34mSELECT "songs".* FROM "songs"[0m
  Rendered song/index.html.erb within layouts/application (9.2ms)
Completed 500 Internal Server Error in 15ms (ActiveRecord: 0.3ms)


  
ActionView::Template::Error (undefined method `photo_url' for #<Song::ActiveRecord_Relation:0x007fed29437f60>):
     7: 	<h4>"<%= song.title %>"</h4>
     8: 		<h4>By: <%= song.artist %></h4>
     9: 			<h4>Genre: <%= song.genre %></h4>
    10: 				<a><%= @song.photo_url %></a>
    11: 				      <a href="<% song.photo_url %>">
    12: 
    13: <div><% end %></div>
  
app/views/song/index.html.erb:10:in `block in _app_views_song_index_html_erb___4255343486156675032_70328288129100'
app/views/song/index.html.erb:6:in `_app_views_song_index_html_erb___4255343486156675032_70328288129100'
app/controllers/song_controller.rb:7:in `block (2 levels) in index'
app/controllers/song_controller.rb:6:in `index'
Started GET "/" for 127.0.0.1 at 2017-06-22 14:15:45 -0400
Processing by SongController#index as HTML
  Rendering song/index.html.erb within layouts/application
  [1m[36mSong Load (0.6ms)[0m  [1m[34mSELECT "songs".* FROM "songs"[0m
  Rendered song/index.html.erb within layouts/application (9.2ms)
Completed 500 Internal Server Error in 18ms (ActiveRecord: 0.6ms)


  
ActionView::Template::Error (undefined method `photo_url' for #<Song::ActiveRecord_Relation:0x007fed236a5910>):
     7: 	<h4>"<%= song.title %>"</h4>
     8: 		<h4>By: <%= song.artist %></h4>
     9: 			<h4>Genre: <%= song.genre %></h4>
    10: 				<a><%= @song.photo_url %></a>
    11: 				      <a href="<%= song.photo_url %>">
    12: 
    13: <div><% end %></div>
  
app/views/song/index.html.erb:10:in `block in _app_views_song_index_html_erb___4255343486156675032_70328239062000'
app/views/song/index.html.erb:6:in `_app_views_song_index_html_erb___4255343486156675032_70328239062000'
app/controllers/song_controller.rb:7:in `block (2 levels) in index'
app/controllers/song_controller.rb:6:in `index'
Started GET "/" for 127.0.0.1 at 2017-06-22 14:17:11 -0400
Processing by SongController#index as HTML
  Rendering song/index.html.erb within layouts/application
  [1m[36mSong Load (0.4ms)[0m  [1m[34mSELECT "songs".* FROM "songs"[0m
  Rendered song/index.html.erb within layouts/application (2.2ms)
Completed 200 OK in 21ms (Views: 20.4ms | ActiveRecord: 0.4ms)


Started GET "/" for 127.0.0.1 at 2017-06-22 14:17:48 -0400
Processing by SongController#index as HTML
  Rendering song/index.html.erb within layouts/application
  [1m[36mSong Load (0.3ms)[0m  [1m[34mSELECT "songs".* FROM "songs"[0m
  Rendered song/index.html.erb within layouts/application (1.7ms)
Completed 200 OK in 19ms (Views: 17.7ms | ActiveRecord: 0.3ms)


Started GET "/" for 127.0.0.1 at 2017-06-22 14:17:51 -0400
Processing by SongController#index as HTML
  Rendering song/index.html.erb within layouts/application
  [1m[36mSong Load (0.3ms)[0m  [1m[34mSELECT "songs".* FROM "songs"[0m
  Rendered song/index.html.erb within layouts/application (1.7ms)
Completed 200 OK in 19ms (Views: 18.2ms | ActiveRecord: 0.3ms)


Started GET "/" for 127.0.0.1 at 2017-06-22 14:18:00 -0400
Processing by SongController#index as HTML
  Rendering song/index.html.erb within layouts/application
  [1m[36mSong Load (0.4ms)[0m  [1m[34mSELECT "songs".* FROM "songs"[0m
  Rendered song/index.html.erb within layouts/application (2.6ms)
Completed 200 OK in 21ms (Views: 20.0ms | ActiveRecord: 0.4ms)


Started GET "/" for 127.0.0.1 at 2017-06-22 14:18:01 -0400
Processing by SongController#index as HTML
  Rendering song/index.html.erb within layouts/application
  [1m[36mSong Load (0.4ms)[0m  [1m[34mSELECT "songs".* FROM "songs"[0m
  Rendered song/index.html.erb within layouts/application (2.5ms)
Completed 200 OK in 25ms (Views: 24.0ms | ActiveRecord: 0.4ms)


Started GET "/" for 127.0.0.1 at 2017-06-22 14:18:02 -0400
Processing by SongController#index as HTML
  Rendering song/index.html.erb within layouts/application
  [1m[36mSong Load (0.4ms)[0m  [1m[34mSELECT "songs".* FROM "songs"[0m
  Rendered song/index.html.erb within layouts/application (2.0ms)
Completed 200 OK in 29ms (Views: 27.8ms | ActiveRecord: 0.4ms)


Started GET "/" for 127.0.0.1 at 2017-06-22 14:18:03 -0400
Processing by SongController#index as HTML
  Rendering song/index.html.erb within layouts/application
  [1m[36mSong Load (0.3ms)[0m  [1m[34mSELECT "songs".* FROM "songs"[0m
  Rendered song/index.html.erb within layouts/application (1.7ms)
Completed 200 OK in 22ms (Views: 21.2ms | ActiveRecord: 0.3ms)


Started GET "/" for 127.0.0.1 at 2017-06-22 14:18:03 -0400
Processing by SongController#index as HTML
  Rendering song/index.html.erb within layouts/application
  [1m[36mSong Load (0.3ms)[0m  [1m[34mSELECT "songs".* FROM "songs"[0m
  Rendered song/index.html.erb within layouts/application (1.9ms)
Completed 200 OK in 24ms (Views: 23.0ms | ActiveRecord: 0.3ms)


Started GET "/" for 127.0.0.1 at 2017-06-22 14:18:10 -0400
Processing by SongController#index as HTML
  Rendering song/index.html.erb within layouts/application
  [1m[36mSong Load (0.4ms)[0m  [1m[34mSELECT "songs".* FROM "songs"[0m
  Rendered song/index.html.erb within layouts/application (2.3ms)
Completed 200 OK in 28ms (Views: 26.8ms | ActiveRecord: 0.4ms)


Started GET "/" for 127.0.0.1 at 2017-06-22 14:19:50 -0400
Processing by SongController#index as HTML
  Rendering song/index.html.erb within layouts/application
  [1m[36mSong Load (0.3ms)[0m  [1m[34mSELECT "songs".* FROM "songs"[0m
  Rendered song/index.html.erb within layouts/application (1.7ms)
Completed 200 OK in 21ms (Views: 19.8ms | ActiveRecord: 0.3ms)


Started GET "/" for 127.0.0.1 at 2017-06-22 14:19:55 -0400
Processing by SongController#index as HTML
  Rendering song/index.html.erb within layouts/application
  [1m[36mSong Load (0.5ms)[0m  [1m[34mSELECT "songs".* FROM "songs"[0m
  Rendered song/index.html.erb within layouts/application (2.7ms)
Completed 200 OK in 27ms (Views: 25.2ms | ActiveRecord: 0.5ms)


  [1m[35m (0.2ms)[0m  [1m[34mSELECT pg_try_advisory_lock(5093937594674555655);[0m
  [1m[35m (0.8ms)[0m  [1m[34mSELECT "schema_migrations"."version" FROM "schema_migrations" ORDER BY "schema_migrations"."version" ASC[0m
  [1m[36mActiveRecord::InternalMetadata Load (0.4ms)[0m  [1m[34mSELECT  "ar_internal_metadata".* FROM "ar_internal_metadata" WHERE "ar_internal_metadata"."key" = $1 LIMIT $2[0m  [["key", "environment"], ["LIMIT", 1]]
  [1m[35m (0.2ms)[0m  [1m[35mBEGIN[0m
  [1m[35m (0.1ms)[0m  [1m[35mCOMMIT[0m
  [1m[35m (0.3ms)[0m  [1m[34mSELECT pg_advisory_unlock(5093937594674555655)[0m
  [1m[35m (0.6ms)[0m  [1m[34mSELECT "schema_migrations"."version" FROM "schema_migrations" ORDER BY "schema_migrations"."version" ASC[0m
Started GET "/" for 127.0.0.1 at 2017-06-22 14:20:48 -0400
Processing by SongController#index as HTML
  Rendering song/index.html.erb within layouts/application
  [1m[36mSong Load (0.3ms)[0m  [1m[34mSELECT "songs".* FROM "songs"[0m
  Rendered song/index.html.erb within layouts/application (12.4ms)
Completed 200 OK in 42ms (Views: 24.0ms | ActiveRecord: 5.4ms)


Started GET "/" for 127.0.0.1 at 2017-06-22 14:20:49 -0400
Processing by SongController#index as HTML
  Rendering song/index.html.erb within layouts/application
  [1m[36mSong Load (0.3ms)[0m  [1m[34mSELECT "songs".* FROM "songs"[0m
  Rendered song/index.html.erb within layouts/application (1.7ms)
Completed 200 OK in 19ms (Views: 17.8ms | ActiveRecord: 0.3ms)


  [1m[35m (1.1ms)[0m  [1m[34mSELECT "schema_migrations"."version" FROM "schema_migrations" ORDER BY "schema_migrations"."version" ASC[0m
  [1m[35m (0.3ms)[0m  [1m[34mSELECT "ar_internal_metadata"."value" FROM "ar_internal_metadata" WHERE "ar_internal_metadata"."key" = $1[0m  [["key", "environment"]]
  [1m[35m (0.2ms)[0m  [1m[34mSELECT "schema_migrations"."version" FROM "schema_migrations" ORDER BY "schema_migrations"."version" ASC[0m
  [1m[35m (0.2ms)[0m  [1m[34mSELECT "ar_internal_metadata"."value" FROM "ar_internal_metadata" WHERE "ar_internal_metadata"."key" = $1[0m  [["key", "environment"]]
  [1m[35m (0.6ms)[0m  [1m[34mSELECT "schema_migrations"."version" FROM "schema_migrations" ORDER BY "schema_migrations"."version" ASC[0m
  [1m[35m (0.3ms)[0m  [1m[34mSELECT "ar_internal_metadata"."value" FROM "ar_internal_metadata" WHERE "ar_internal_metadata"."key" = $1[0m  [["key", "environment"]]
  [1m[35m (7091.2ms)[0m  [1m[35mDROP DATABASE IF EXISTS "wdi_radio_lab_development"[0m
  [1m[35m (1.0ms)[0m  [1m[34mSELECT "schema_migrations"."version" FROM "schema_migrations" ORDER BY "schema_migrations"."version" ASC[0m
  [1m[35m (0.6ms)[0m  [1m[34mSELECT "ar_internal_metadata"."value" FROM "ar_internal_metadata" WHERE "ar_internal_metadata"."key" = $1[0m  [["key", "environment"]]
  [1m[35m (0.8ms)[0m  [1m[34mSELECT "schema_migrations"."version" FROM "schema_migrations" ORDER BY "schema_migrations"."version" ASC[0m
  [1m[35m (0.3ms)[0m  [1m[34mSELECT "ar_internal_metadata"."value" FROM "ar_internal_metadata" WHERE "ar_internal_metadata"."key" = $1[0m  [["key", "environment"]]
  [1m[35m (0.2ms)[0m  [1m[34mSELECT "schema_migrations"."version" FROM "schema_migrations" ORDER BY "schema_migrations"."version" ASC[0m
  [1m[35m (0.2ms)[0m  [1m[34mSELECT "ar_internal_metadata"."value" FROM "ar_internal_metadata" WHERE "ar_internal_metadata"."key" = $1[0m  [["key", "environment"]]
  [1m[35m (127.6ms)[0m  [1m[35mDROP DATABASE IF EXISTS "wdi_radio_lab_development"[0m
  [1m[35m (180.5ms)[0m  [1m[35mDROP DATABASE IF EXISTS "wdi_radio_lab_test"[0m
  [1m[35m (378.8ms)[0m  [1m[35mCREATE DATABASE "wdi_radio_lab_development" ENCODING = 'unicode'[0m
  [1m[35m (362.7ms)[0m  [1m[35mCREATE DATABASE "wdi_radio_lab_test" ENCODING = 'unicode'[0m
  [1m[35m (5.9ms)[0m  [1m[35mCREATE TABLE "schema_migrations" ("version" character varying NOT NULL PRIMARY KEY)[0m
  [1m[35m (5.3ms)[0m  [1m[35mCREATE TABLE "ar_internal_metadata" ("key" character varying NOT NULL PRIMARY KEY, "value" character varying, "created_at" timestamp NOT NULL, "updated_at" timestamp NOT NULL)[0m
  [1m[35m (0.4ms)[0m  [1m[34mSELECT pg_try_advisory_lock(5093937594674555655);[0m
  [1m[35m (0.9ms)[0m  [1m[34mSELECT "schema_migrations"."version" FROM "schema_migrations" ORDER BY "schema_migrations"."version" ASC[0m
Migrating to CreateSongs (20170622155954)
  [1m[35m (0.2ms)[0m  [1m[35mBEGIN[0m
  [1m[35m (5.6ms)[0m  [1m[35mCREATE TABLE "songs" ("id" bigserial primary key, "title" character varying, "artist" character varying, "genre" character varying, "photo_url" character varying, "created_at" timestamp NOT NULL, "updated_at" timestamp NOT NULL)[0m
  [1m[35mSQL (0.7ms)[0m  [1m[32mINSERT INTO "schema_migrations" ("version") VALUES ($1) RETURNING "version"[0m  [["version", "20170622155954"]]
  [1m[35m (0.6ms)[0m  [1m[35mCOMMIT[0m
  [1m[36mActiveRecord::InternalMetadata Load (0.4ms)[0m  [1m[34mSELECT  "ar_internal_metadata".* FROM "ar_internal_metadata" WHERE "ar_internal_metadata"."key" = $1 LIMIT $2[0m  [["key", "environment"], ["LIMIT", 1]]
  [1m[35m (0.2ms)[0m  [1m[35mBEGIN[0m
  [1m[35mSQL (0.6ms)[0m  [1m[32mINSERT INTO "ar_internal_metadata" ("key", "value", "created_at", "updated_at") VALUES ($1, $2, $3, $4) RETURNING "key"[0m  [["key", "environment"], ["value", "development"], ["created_at", "2017-06-22 18:22:21.808249"], ["updated_at", "2017-06-22 18:22:21.808249"]]
  [1m[35m (0.4ms)[0m  [1m[35mCOMMIT[0m
  [1m[35m (0.3ms)[0m  [1m[34mSELECT pg_advisory_unlock(5093937594674555655)[0m
  [1m[35m (0.4ms)[0m  [1m[34mSELECT "schema_migrations"."version" FROM "schema_migrations" ORDER BY "schema_migrations"."version" ASC[0m
  [1m[35m (0.4ms)[0m  [1m[34mSELECT "schema_migrations"."version" FROM "schema_migrations" ORDER BY "schema_migrations"."version" ASC[0m
  [1m[36mSong Load (0.5ms)[0m  [1m[34mSELECT "songs".* FROM "songs"[0m
  [1m[35m (0.2ms)[0m  [1m[35mBEGIN[0m
  [1m[35mSQL (0.6ms)[0m  [1m[32mINSERT INTO "songs" ("title", "artist", "genre", "photo_url", "created_at", "updated_at") VALUES ($1, $2, $3, $4, $5, $6) RETURNING "id"[0m  [["title", "Heaven"], ["artist", "Ailee"], ["genre", "R&B"], ["photo_url", "https://colorcodedlyrics.com/wp-content/uploads/2012/06/ailee-heaven.jpg"], ["created_at", "2017-06-22 18:22:21.874011"], ["updated_at", "2017-06-22 18:22:21.874011"]]
  [1m[35m (0.5ms)[0m  [1m[35mCOMMIT[0m
  [1m[35m (2.4ms)[0m  [1m[35mBEGIN[0m
  [1m[35mSQL (0.5ms)[0m  [1m[32mINSERT INTO "songs" ("title", "artist", "genre", "photo_url", "created_at", "updated_at") VALUES ($1, $2, $3, $4, $5, $6) RETURNING "id"[0m  [["title", "Are We There Yet?"], ["artist", "dumbfounded"], ["genre", "Rap"], ["photo_url", "http://thefader-res.cloudinary.com/images/w_760,c_limit,f_auto,q_auto:best/3_lrk2lc/dumbfoundead-rapper-asian-american-representation.jpg"], ["created_at", "2017-06-22 18:22:21.879080"], ["updated_at", "2017-06-22 18:22:21.879080"]]
  [1m[35m (0.4ms)[0m  [1m[35mCOMMIT[0m
  [1m[35m (0.1ms)[0m  [1m[35mBEGIN[0m
  [1m[35mSQL (0.4ms)[0m  [1m[32mINSERT INTO "songs" ("title", "artist", "genre", "photo_url", "created_at", "updated_at") VALUES ($1, $2, $3, $4, $5, $6) RETURNING "id"[0m  [["title", "Heaven Or Hell Remix"], ["artist", "Heartbreaka"], ["genre", "Rap"], ["photo_url", "https://res.cloudinary.com/dostuff-media/image/upload//c_fill,g_faces,h_630,w_1200/v1475004199/event-6474827.jpg"], ["created_at", "2017-06-22 18:22:21.882025"], ["updated_at", "2017-06-22 18:22:21.882025"]]
  [1m[35m (0.5ms)[0m  [1m[35mCOMMIT[0m
  [1m[35m (0.1ms)[0m  [1m[35mBEGIN[0m
  [1m[35mSQL (0.4ms)[0m  [1m[32mINSERT INTO "songs" ("title", "artist", "genre", "photo_url", "created_at", "updated_at") VALUES ($1, $2, $3, $4, $5, $6) RETURNING "id"[0m  [["title", "Here For The Night"], ["artist", "J.Reyez"], ["genre", "Rap/R&B"], ["photo_url", "https://i.ytimg.com/vi/XxSMyN3gtTQ/maxresdefault.jpg"], ["created_at", "2017-06-22 18:22:21.884949"], ["updated_at", "2017-06-22 18:22:21.884949"]]
  [1m[35m (0.4ms)[0m  [1m[35mCOMMIT[0m
  [1m[35m (0.1ms)[0m  [1m[35mBEGIN[0m
  [1m[35mSQL (0.3ms)[0m  [1m[32mINSERT INTO "songs" ("title", "artist", "genre", "photo_url", "created_at", "updated_at") VALUES ($1, $2, $3, $4, $5, $6) RETURNING "id"[0m  [["title", "Parked Outside"], ["artist", "Jackie Chain"], ["genre", "Rap"], ["photo_url", "https://images.vice.com/noisey/content-images/article/jackie-chains-blaze-of-glory-once-again/jackie-thumb.jpg?crop=0.9304964539007092xw:1xh;center,center&resize=1050:*"], ["created_at", "2017-06-22 18:22:21.887466"], ["updated_at", "2017-06-22 18:22:21.887466"]]
  [1m[35m (0.4ms)[0m  [1m[35mCOMMIT[0m
  [1m[35m (0.1ms)[0m  [1m[35mBEGIN[0m
  [1m[35mSQL (0.3ms)[0m  [1m[32mINSERT INTO "songs" ("title", "artist", "genre", "photo_url", "created_at", "updated_at") VALUES ($1, $2, $3, $4, $5, $6) RETURNING "id"[0m  [["title", "Low Key"], ["artist", "Pryde"], ["genre", "Rap/Hip-Hop"], ["photo_url", "https://i.ytimg.com/vi/9pBt0NJF8V4/maxresdefault.jpg"], ["created_at", "2017-06-22 18:22:21.890367"], ["updated_at", "2017-06-22 18:22:21.890367"]]
  [1m[35m (0.4ms)[0m  [1m[35mCOMMIT[0m
Started GET "/" for 127.0.0.1 at 2017-06-22 14:22:30 -0400
  [1m[35m (1.1ms)[0m  [1m[34mSELECT "schema_migrations"."version" FROM "schema_migrations" ORDER BY "schema_migrations"."version" ASC[0m
Processing by SongController#index as HTML
  Rendering song/index.html.erb within layouts/application
  [1m[36mSong Load (0.7ms)[0m  [1m[34mSELECT "songs".* FROM "songs"[0m
  Rendered song/index.html.erb within layouts/application (22.7ms)
Completed 200 OK in 198ms (Views: 176.9ms | ActiveRecord: 6.3ms)


  [1m[35m (0.8ms)[0m  [1m[34mSELECT "schema_migrations"."version" FROM "schema_migrations" ORDER BY "schema_migrations"."version" ASC[0m
  [1m[35m (0.4ms)[0m  [1m[34mSELECT "ar_internal_metadata"."value" FROM "ar_internal_metadata" WHERE "ar_internal_metadata"."key" = $1[0m  [["key", "environment"]]
  [1m[35m (0.3ms)[0m  [1m[34mSELECT "schema_migrations"."version" FROM "schema_migrations" ORDER BY "schema_migrations"."version" ASC[0m
  [1m[35m (0.3ms)[0m  [1m[34mSELECT "ar_internal_metadata"."value" FROM "ar_internal_metadata" WHERE "ar_internal_metadata"."key" = $1[0m  [["key", "environment"]]
  [1m[35m (0.3ms)[0m  [1m[34mSELECT "schema_migrations"."version" FROM "schema_migrations" ORDER BY "schema_migrations"."version" ASC[0m
  [1m[35m (0.2ms)[0m  [1m[34mSELECT "ar_internal_metadata"."value" FROM "ar_internal_metadata" WHERE "ar_internal_metadata"."key" = $1[0m  [["key", "environment"]]
  [1m[35m (177.2ms)[0m  [1m[35mDROP DATABASE IF EXISTS "wdi_radio_lab_development"[0m
  [1m[35m (152.9ms)[0m  [1m[35mDROP DATABASE IF EXISTS "wdi_radio_lab_test"[0m
  [1m[35m (329.7ms)[0m  [1m[35mCREATE DATABASE "wdi_radio_lab_development" ENCODING = 'unicode'[0m
  [1m[35m (327.8ms)[0m  [1m[35mCREATE DATABASE "wdi_radio_lab_test" ENCODING = 'unicode'[0m
  [1m[35m (11.5ms)[0m  [1m[35mCREATE TABLE "schema_migrations" ("version" character varying NOT NULL PRIMARY KEY)[0m
  [1m[35m (3.3ms)[0m  [1m[35mCREATE TABLE "ar_internal_metadata" ("key" character varying NOT NULL PRIMARY KEY, "value" character varying, "created_at" timestamp NOT NULL, "updated_at" timestamp NOT NULL)[0m
  [1m[35m (0.3ms)[0m  [1m[34mSELECT pg_try_advisory_lock(5093937594674555655);[0m
  [1m[35m (0.6ms)[0m  [1m[34mSELECT "schema_migrations"."version" FROM "schema_migrations" ORDER BY "schema_migrations"."version" ASC[0m
Migrating to CreateSongs (20170622155954)
  [1m[35m (0.1ms)[0m  [1m[35mBEGIN[0m
  [1m[35m (5.5ms)[0m  [1m[35mCREATE TABLE "songs" ("id" bigserial primary key, "title" character varying, "artist" character varying, "genre" character varying, "photo_url" character varying, "created_at" timestamp NOT NULL, "updated_at" timestamp NOT NULL)[0m
  [1m[35mSQL (0.5ms)[0m  [1m[32mINSERT INTO "schema_migrations" ("version") VALUES ($1) RETURNING "version"[0m  [["version", "20170622155954"]]
  [1m[35m (0.5ms)[0m  [1m[35mCOMMIT[0m
  [1m[36mActiveRecord::InternalMetadata Load (0.4ms)[0m  [1m[34mSELECT  "ar_internal_metadata".* FROM "ar_internal_metadata" WHERE "ar_internal_metadata"."key" = $1 LIMIT $2[0m  [["key", "environment"], ["LIMIT", 1]]
  [1m[35m (0.2ms)[0m  [1m[35mBEGIN[0m
  [1m[35mSQL (0.5ms)[0m  [1m[32mINSERT INTO "ar_internal_metadata" ("key", "value", "created_at", "updated_at") VALUES ($1, $2, $3, $4) RETURNING "key"[0m  [["key", "environment"], ["value", "development"], ["created_at", "2017-06-22 18:23:08.112186"], ["updated_at", "2017-06-22 18:23:08.112186"]]
  [1m[35m (0.5ms)[0m  [1m[35mCOMMIT[0m
  [1m[35m (0.3ms)[0m  [1m[34mSELECT pg_advisory_unlock(5093937594674555655)[0m
  [1m[35m (0.4ms)[0m  [1m[34mSELECT "schema_migrations"."version" FROM "schema_migrations" ORDER BY "schema_migrations"."version" ASC[0m
  [1m[35m (0.3ms)[0m  [1m[34mSELECT "schema_migrations"."version" FROM "schema_migrations" ORDER BY "schema_migrations"."version" ASC[0m
  [1m[36mSong Load (0.5ms)[0m  [1m[34mSELECT "songs".* FROM "songs"[0m
  [1m[35m (0.2ms)[0m  [1m[35mBEGIN[0m
  [1m[35mSQL (0.5ms)[0m  [1m[32mINSERT INTO "songs" ("title", "artist", "genre", "photo_url", "created_at", "updated_at") VALUES ($1, $2, $3, $4, $5, $6) RETURNING "id"[0m  [["title", "Are We There Yet?"], ["artist", "dumbfounded"], ["genre", "Rap"], ["photo_url", "http://thefader-res.cloudinary.com/images/w_760,c_limit,f_auto,q_auto:best/3_lrk2lc/dumbfoundead-rapper-asian-american-representation.jpg"], ["created_at", "2017-06-22 18:23:08.164451"], ["updated_at", "2017-06-22 18:23:08.164451"]]
  [1m[35m (6.3ms)[0m  [1m[35mCOMMIT[0m
  [1m[35m (0.1ms)[0m  [1m[35mBEGIN[0m
  [1m[35mSQL (0.3ms)[0m  [1m[32mINSERT INTO "songs" ("title", "artist", "genre", "photo_url", "created_at", "updated_at") VALUES ($1, $2, $3, $4, $5, $6) RETURNING "id"[0m  [["title", "Heaven Or Hell Remix"], ["artist", "Heartbreaka"], ["genre", "Rap"], ["photo_url", "https://res.cloudinary.com/dostuff-media/image/upload//c_fill,g_faces,h_630,w_1200/v1475004199/event-6474827.jpg"], ["created_at", "2017-06-22 18:23:08.172964"], ["updated_at", "2017-06-22 18:23:08.172964"]]
  [1m[35m (0.5ms)[0m  [1m[35mCOMMIT[0m
  [1m[35m (0.1ms)[0m  [1m[35mBEGIN[0m
  [1m[35mSQL (0.4ms)[0m  [1m[32mINSERT INTO "songs" ("title", "artist", "genre", "photo_url", "created_at", "updated_at") VALUES ($1, $2, $3, $4, $5, $6) RETURNING "id"[0m  [["title", "Here For The Night"], ["artist", "J.Reyez"], ["genre", "Rap/R&B"], ["photo_url", "https://i.ytimg.com/vi/XxSMyN3gtTQ/maxresdefault.jpg"], ["created_at", "2017-06-22 18:23:08.175115"], ["updated_at", "2017-06-22 18:23:08.175115"]]
  [1m[35m (0.5ms)[0m  [1m[35mCOMMIT[0m
  [1m[35m (0.1ms)[0m  [1m[35mBEGIN[0m
  [1m[35mSQL (0.4ms)[0m  [1m[32mINSERT INTO "songs" ("title", "artist", "genre", "photo_url", "created_at", "updated_at") VALUES ($1, $2, $3, $4, $5, $6) RETURNING "id"[0m  [["title", "Parked Outside"], ["artist", "Jackie Chain"], ["genre", "Rap"], ["photo_url", "https://images.vice.com/noisey/content-images/article/jackie-chains-blaze-of-glory-once-again/jackie-thumb.jpg?crop=0.9304964539007092xw:1xh;center,center&resize=1050:*"], ["created_at", "2017-06-22 18:23:08.177271"], ["updated_at", "2017-06-22 18:23:08.177271"]]
  [1m[35m (0.4ms)[0m  [1m[35mCOMMIT[0m
  [1m[35m (0.1ms)[0m  [1m[35mBEGIN[0m
  [1m[35mSQL (0.3ms)[0m  [1m[32mINSERT INTO "songs" ("title", "artist", "genre", "photo_url", "created_at", "updated_at") VALUES ($1, $2, $3, $4, $5, $6) RETURNING "id"[0m  [["title", "Low Key"], ["artist", "Pryde"], ["genre", "Rap/Hip-Hop"], ["photo_url", "https://i.ytimg.com/vi/9pBt0NJF8V4/maxresdefault.jpg"], ["created_at", "2017-06-22 18:23:08.179690"], ["updated_at", "2017-06-22 18:23:08.179690"]]
  [1m[35m (0.4ms)[0m  [1m[35mCOMMIT[0m
Started GET "/" for 127.0.0.1 at 2017-06-22 14:23:16 -0400
  [1m[35m (1.2ms)[0m  [1m[34mSELECT "schema_migrations"."version" FROM "schema_migrations" ORDER BY "schema_migrations"."version" ASC[0m
Processing by SongController#index as HTML
  Rendering song/index.html.erb within layouts/application
  [1m[36mSong Load (0.7ms)[0m  [1m[34mSELECT "songs".* FROM "songs"[0m
  Rendered song/index.html.erb within layouts/application (16.0ms)
Completed 200 OK in 202ms (Views: 178.1ms | ActiveRecord: 6.9ms)


  [1m[35m (0.9ms)[0m  [1m[34mSELECT "schema_migrations"."version" FROM "schema_migrations" ORDER BY "schema_migrations"."version" ASC[0m
  [1m[35m (0.3ms)[0m  [1m[34mSELECT "ar_internal_metadata"."value" FROM "ar_internal_metadata" WHERE "ar_internal_metadata"."key" = $1[0m  [["key", "environment"]]
  [1m[35m (0.3ms)[0m  [1m[34mSELECT "schema_migrations"."version" FROM "schema_migrations" ORDER BY "schema_migrations"."version" ASC[0m
  [1m[35m (0.2ms)[0m  [1m[34mSELECT "ar_internal_metadata"."value" FROM "ar_internal_metadata" WHERE "ar_internal_metadata"."key" = $1[0m  [["key", "environment"]]
  [1m[35m (0.2ms)[0m  [1m[34mSELECT "schema_migrations"."version" FROM "schema_migrations" ORDER BY "schema_migrations"."version" ASC[0m
  [1m[35m (0.2ms)[0m  [1m[34mSELECT "ar_internal_metadata"."value" FROM "ar_internal_metadata" WHERE "ar_internal_metadata"."key" = $1[0m  [["key", "environment"]]
  [1m[35m (174.4ms)[0m  [1m[35mDROP DATABASE IF EXISTS "wdi_radio_lab_development"[0m
  [1m[35m (122.0ms)[0m  [1m[35mDROP DATABASE IF EXISTS "wdi_radio_lab_test"[0m
  [1m[35m (309.5ms)[0m  [1m[35mCREATE DATABASE "wdi_radio_lab_development" ENCODING = 'unicode'[0m
  [1m[35m (361.2ms)[0m  [1m[35mCREATE DATABASE "wdi_radio_lab_test" ENCODING = 'unicode'[0m
  [1m[35m (5.2ms)[0m  [1m[35mCREATE TABLE "schema_migrations" ("version" character varying NOT NULL PRIMARY KEY)[0m
  [1m[35m (5.0ms)[0m  [1m[35mCREATE TABLE "ar_internal_metadata" ("key" character varying NOT NULL PRIMARY KEY, "value" character varying, "created_at" timestamp NOT NULL, "updated_at" timestamp NOT NULL)[0m
  [1m[35m (0.3ms)[0m  [1m[34mSELECT pg_try_advisory_lock(5093937594674555655);[0m
  [1m[35m (0.6ms)[0m  [1m[34mSELECT "schema_migrations"."version" FROM "schema_migrations" ORDER BY "schema_migrations"."version" ASC[0m
Migrating to CreateSongs (20170622155954)
  [1m[35m (0.2ms)[0m  [1m[35mBEGIN[0m
  [1m[35m (5.7ms)[0m  [1m[35mCREATE TABLE "songs" ("id" bigserial primary key, "title" character varying, "artist" character varying, "genre" character varying, "photo_url" character varying, "created_at" timestamp NOT NULL, "updated_at" timestamp NOT NULL)[0m
  [1m[35mSQL (0.5ms)[0m  [1m[32mINSERT INTO "schema_migrations" ("version") VALUES ($1) RETURNING "version"[0m  [["version", "20170622155954"]]
  [1m[35m (0.4ms)[0m  [1m[35mCOMMIT[0m
  [1m[36mActiveRecord::InternalMetadata Load (0.4ms)[0m  [1m[34mSELECT  "ar_internal_metadata".* FROM "ar_internal_metadata" WHERE "ar_internal_metadata"."key" = $1 LIMIT $2[0m  [["key", "environment"], ["LIMIT", 1]]
  [1m[35m (0.1ms)[0m  [1m[35mBEGIN[0m
  [1m[35mSQL (0.6ms)[0m  [1m[32mINSERT INTO "ar_internal_metadata" ("key", "value", "created_at", "updated_at") VALUES ($1, $2, $3, $4) RETURNING "key"[0m  [["key", "environment"], ["value", "development"], ["created_at", "2017-06-22 18:24:58.274589"], ["updated_at", "2017-06-22 18:24:58.274589"]]
  [1m[35m (0.4ms)[0m  [1m[35mCOMMIT[0m
  [1m[35m (0.3ms)[0m  [1m[34mSELECT pg_advisory_unlock(5093937594674555655)[0m
  [1m[35m (0.4ms)[0m  [1m[34mSELECT "schema_migrations"."version" FROM "schema_migrations" ORDER BY "schema_migrations"."version" ASC[0m
  [1m[35m (0.4ms)[0m  [1m[34mSELECT "schema_migrations"."version" FROM "schema_migrations" ORDER BY "schema_migrations"."version" ASC[0m
  [1m[36mSong Load (0.6ms)[0m  [1m[34mSELECT "songs".* FROM "songs"[0m
  [1m[35m (0.2ms)[0m  [1m[35mBEGIN[0m
  [1m[35mSQL (0.8ms)[0m  [1m[32mINSERT INTO "songs" ("title", "artist", "genre", "photo_url", "created_at", "updated_at") VALUES ($1, $2, $3, $4, $5, $6) RETURNING "id"[0m  [["title", "Heaven"], ["artist", "Ailee"], ["genre", "R&B"], ["photo_url", "https://colorcodedlyrics.com/wp-content/uploads/2012/06/ailee-heaven.jpg"], ["created_at", "2017-06-22 18:24:58.328401"], ["updated_at", "2017-06-22 18:24:58.328401"]]
  [1m[35m (0.4ms)[0m  [1m[35mCOMMIT[0m
  [1m[35m (0.2ms)[0m  [1m[35mBEGIN[0m
  [1m[35mSQL (0.4ms)[0m  [1m[32mINSERT INTO "songs" ("title", "artist", "genre", "photo_url", "created_at", "updated_at") VALUES ($1, $2, $3, $4, $5, $6) RETURNING "id"[0m  [["title", "Are We There Yet?"], ["artist", "dumbfounded"], ["genre", "Rap"], ["photo_url", "http://thefader-res.cloudinary.com/images/w_760,c_limit,f_auto,q_auto:best/3_lrk2lc/dumbfoundead-rapper-asian-american-representation.jpg"], ["created_at", "2017-06-22 18:24:58.331778"], ["updated_at", "2017-06-22 18:24:58.331778"]]
  [1m[35m (0.4ms)[0m  [1m[35mCOMMIT[0m
  [1m[35m (0.2ms)[0m  [1m[35mBEGIN[0m
  [1m[35mSQL (0.4ms)[0m  [1m[32mINSERT INTO "songs" ("title", "artist", "genre", "photo_url", "created_at", "updated_at") VALUES ($1, $2, $3, $4, $5, $6) RETURNING "id"[0m  [["title", "Heaven Or Hell Remix"], ["artist", "Heartbreaka"], ["genre", "Rap"], ["photo_url", "https://res.cloudinary.com/dostuff-media/image/upload//c_fill,g_faces,h_630,w_1200/v1475004199/event-6474827.jpg"], ["created_at", "2017-06-22 18:24:58.334563"], ["updated_at", "2017-06-22 18:24:58.334563"]]
  [1m[35m (0.4ms)[0m  [1m[35mCOMMIT[0m
  [1m[35m (0.1ms)[0m  [1m[35mBEGIN[0m
  [1m[35mSQL (0.4ms)[0m  [1m[32mINSERT INTO "songs" ("title", "artist", "genre", "photo_url", "created_at", "updated_at") VALUES ($1, $2, $3, $4, $5, $6) RETURNING "id"[0m  [["title", "Here For The Night"], ["artist", "J.Reyez"], ["genre", "Rap/R&B"], ["photo_url", "https://i.ytimg.com/vi/XxSMyN3gtTQ/maxresdefault.jpg"], ["created_at", "2017-06-22 18:24:58.336713"], ["updated_at", "2017-06-22 18:24:58.336713"]]
  [1m[35m (0.5ms)[0m  [1m[35mCOMMIT[0m
  [1m[35m (0.2ms)[0m  [1m[35mBEGIN[0m
  [1m[35mSQL (0.4ms)[0m  [1m[32mINSERT INTO "songs" ("title", "artist", "genre", "photo_url", "created_at", "updated_at") VALUES ($1, $2, $3, $4, $5, $6) RETURNING "id"[0m  [["title", "Parked Outside"], ["artist", "Jackie Chain"], ["genre", "Rap"], ["photo_url", "https://images.vice.com/noisey/content-images/article/jackie-chains-blaze-of-glory-once-again/jackie-thumb.jpg?crop=0.9304964539007092xw:1xh;center,center&resize=1050:*"], ["created_at", "2017-06-22 18:24:58.339280"], ["updated_at", "2017-06-22 18:24:58.339280"]]
  [1m[35m (0.6ms)[0m  [1m[35mCOMMIT[0m
  [1m[35m (0.2ms)[0m  [1m[35mBEGIN[0m
  [1m[35mSQL (0.4ms)[0m  [1m[32mINSERT INTO "songs" ("title", "artist", "genre", "photo_url", "created_at", "updated_at") VALUES ($1, $2, $3, $4, $5, $6) RETURNING "id"[0m  [["title", "Low Key"], ["artist", "Pryde"], ["genre", "Rap/Hip-Hop"], ["photo_url", "https://upload.wikimedia.org/wikipedia/commons/thumb/b/ba/Plan_A_Merchandise_Promotion.png/220px-Plan_A_Merchandise_Promotion.png"], ["created_at", "2017-06-22 18:24:58.342240"], ["updated_at", "2017-06-22 18:24:58.342240"]]
  [1m[35m (0.5ms)[0m  [1m[35mCOMMIT[0m
Started GET "/" for 127.0.0.1 at 2017-06-22 14:25:10 -0400
  [1m[35m (1.0ms)[0m  [1m[34mSELECT "schema_migrations"."version" FROM "schema_migrations" ORDER BY "schema_migrations"."version" ASC[0m
Processing by SongController#index as HTML
  Rendering song/index.html.erb within layouts/application
  [1m[36mSong Load (0.7ms)[0m  [1m[34mSELECT "songs".* FROM "songs"[0m
  Rendered song/index.html.erb within layouts/application (16.2ms)
Completed 200 OK in 212ms (Views: 190.0ms | ActiveRecord: 6.6ms)


Started GET "/" for 127.0.0.1 at 2017-06-22 14:26:06 -0400
Processing by SongController#index as HTML
  Rendering song/index.html.erb within layouts/application
  [1m[36mSong Load (0.7ms)[0m  [1m[34mSELECT "songs".* FROM "songs"[0m
  Rendered song/index.html.erb within layouts/application (17.9ms)
Completed 200 OK in 35ms (Views: 25.1ms | ActiveRecord: 8.9ms)


Started GET "/" for 127.0.0.1 at 2017-06-22 14:26:40 -0400
Processing by SongController#index as HTML
  Rendering song/index.html.erb within layouts/application
  [1m[36mSong Load (0.4ms)[0m  [1m[34mSELECT "songs".* FROM "songs"[0m
  Rendered song/index.html.erb within layouts/application (1.7ms)
Completed 200 OK in 18ms (Views: 17.2ms | ActiveRecord: 0.4ms)


Started GET "/" for 127.0.0.1 at 2017-06-22 14:26:43 -0400
Processing by SongController#index as HTML
  Rendering song/index.html.erb within layouts/application
  [1m[36mSong Load (0.4ms)[0m  [1m[34mSELECT "songs".* FROM "songs"[0m
  Rendered song/index.html.erb within layouts/application (2.1ms)
Completed 200 OK in 19ms (Views: 17.9ms | ActiveRecord: 0.4ms)


Started GET "/" for 127.0.0.1 at 2017-06-22 14:27:06 -0400
Processing by SongController#index as HTML
  Rendering song/index.html.erb within layouts/application
  [1m[36mSong Load (0.3ms)[0m  [1m[34mSELECT "songs".* FROM "songs"[0m
  Rendered song/index.html.erb within layouts/application (2.2ms)
Completed 200 OK in 18ms (Views: 17.4ms | ActiveRecord: 0.3ms)


Started GET "/" for 127.0.0.1 at 2017-06-22 14:27:08 -0400
Processing by SongController#index as HTML
  Rendering song/index.html.erb within layouts/application
  [1m[36mSong Load (0.4ms)[0m  [1m[34mSELECT "songs".* FROM "songs"[0m
  Rendered song/index.html.erb within layouts/application (2.2ms)
Completed 200 OK in 18ms (Views: 17.1ms | ActiveRecord: 0.4ms)


Started GET "/" for 127.0.0.1 at 2017-06-22 14:27:36 -0400
Processing by SongController#index as HTML
  Rendering song/index.html.erb within layouts/application
  [1m[36mSong Load (0.4ms)[0m  [1m[34mSELECT "songs".* FROM "songs"[0m
  Rendered song/index.html.erb within layouts/application (2.1ms)
Completed 200 OK in 19ms (Views: 17.8ms | ActiveRecord: 0.4ms)


Started GET "/" for 127.0.0.1 at 2017-06-22 14:27:50 -0400
Processing by SongController#index as HTML
  Rendering song/index.html.erb within layouts/application
  Rendered song/index.html.erb within layouts/application (0.8ms)
Completed 500 Internal Server Error in 7ms (ActiveRecord: 0.0ms)


  
SyntaxError (/Users/haven/Desktop/wdi/JS/Angular/labs/wdi_radio_lab/wdi_radio_lab/app/views/song/index.html.erb:13: syntax error, unexpected keyword_ensure, expecting keyword_end
          ensure
                ^):
  
app/views/song/index.html.erb:13: syntax error, unexpected keyword_ensure, expecting keyword_end
app/controllers/song_controller.rb:7:in `block (2 levels) in index'
app/controllers/song_controller.rb:6:in `index'
Started GET "/" for 127.0.0.1 at 2017-06-22 14:27:58 -0400
Processing by SongController#index as HTML
  Rendering song/index.html.erb within layouts/application
  [1m[36mSong Load (0.4ms)[0m  [1m[34mSELECT "songs".* FROM "songs"[0m
  Rendered song/index.html.erb within layouts/application (2.8ms)
Completed 200 OK in 30ms (Views: 28.2ms | ActiveRecord: 0.4ms)


Started GET "/" for 127.0.0.1 at 2017-06-22 14:28:14 -0400
Processing by SongController#index as HTML
  Rendering song/index.html.erb within layouts/application
  [1m[36mSong Load (0.4ms)[0m  [1m[34mSELECT "songs".* FROM "songs"[0m
  Rendered song/index.html.erb within layouts/application (2.4ms)
Completed 200 OK in 25ms (Views: 23.4ms | ActiveRecord: 0.4ms)


Started GET "/" for 127.0.0.1 at 2017-06-22 14:29:06 -0400
Processing by SongController#index as HTML
  Rendering song/index.html.erb within layouts/application
  [1m[36mSong Load (0.3ms)[0m  [1m[34mSELECT "songs".* FROM "songs"[0m
  Rendered song/index.html.erb within layouts/application (2.2ms)
Completed 200 OK in 24ms (Views: 23.6ms | ActiveRecord: 0.3ms)


Started GET "/" for 127.0.0.1 at 2017-06-22 14:29:13 -0400
Processing by SongController#index as HTML
  Rendering song/index.html.erb within layouts/application
  [1m[36mSong Load (0.3ms)[0m  [1m[34mSELECT "songs".* FROM "songs"[0m
  Rendered song/index.html.erb within layouts/application (1.8ms)
Completed 200 OK in 42ms (Views: 41.4ms | ActiveRecord: 0.3ms)


Started GET "/" for 127.0.0.1 at 2017-06-22 14:29:26 -0400
Processing by SongController#index as HTML
  Rendering song/index.html.erb within layouts/application
  [1m[36mSong Load (0.3ms)[0m  [1m[34mSELECT "songs".* FROM "songs"[0m
  Rendered song/index.html.erb within layouts/application (1.6ms)
Completed 200 OK in 19ms (Views: 18.0ms | ActiveRecord: 0.3ms)


Started GET "/" for 127.0.0.1 at 2017-06-22 14:29:54 -0400
Processing by SongController#index as HTML
  Rendering song/index.html.erb within layouts/application
  [1m[36mSong Load (0.3ms)[0m  [1m[34mSELECT "songs".* FROM "songs"[0m
  Rendered song/index.html.erb within layouts/application (1.5ms)
Completed 200 OK in 18ms (Views: 17.3ms | ActiveRecord: 0.3ms)


Started GET "/" for 127.0.0.1 at 2017-06-22 14:30:13 -0400
Processing by SongController#index as HTML
  Rendering song/index.html.erb within layouts/application
  [1m[36mSong Load (0.3ms)[0m  [1m[34mSELECT "songs".* FROM "songs"[0m
  Rendered song/index.html.erb within layouts/application (1.8ms)
Completed 200 OK in 20ms (Views: 19.2ms | ActiveRecord: 0.3ms)


Started GET "/" for 127.0.0.1 at 2017-06-22 14:30:29 -0400
Processing by SongController#index as HTML
  Rendering song/index.html.erb within layouts/application
  [1m[36mSong Load (0.6ms)[0m  [1m[34mSELECT "songs".* FROM "songs"[0m
  Rendered song/index.html.erb within layouts/application (2.7ms)
Completed 200 OK in 21ms (Views: 19.6ms | ActiveRecord: 0.6ms)


